2015/5/5 19:38:25 --> ok 
2015/5/5 19:38:25 --> "Start sender" 
2015/5/5 19:38:25 --> "<0.31.0>: try send MSG: id=[0] type=[0] from <0.30.0>\n" 
2015/5/5 19:38:25 --> "<0.30.0>: recieved [do_a_flip] 0 from <0.31.0>\n" 
2015/5/5 19:38:25 --> "<0.31.0>: try send MSG: id=[1] type=[1] from <0.30.0>\n" 
2015/5/5 19:38:25 --> "<0.30.0>: recieved [fish] 1 from <0.31.0>\n" 
2015/5/5 19:38:25 --> "<0.31.0>: try send MSG: id=[2] type=[2] from <0.30.0>\n" 
2015/5/5 19:38:25 --> "<0.30.0>: recieved uknown message\n" 
2015/5/5 19:38:25 --> "<0.31.0>: try send MSG: id=[3] type=[0] from <0.30.0>\n" 
2015/5/5 19:38:25 --> "<0.30.0>: recieved [do_a_flip] 3 from <0.31.0>\n" 
2015/5/5 19:38:25 --> "<0.31.0>: try send MSG: id=[4] type=[1] from <0.30.0>\n" 
2015/5/5 19:38:25 --> "<0.30.0>: recieved [fish] 4 from <0.31.0>\n" 
2015/5/5 19:38:25 --> "<0.31.0>: try send MSG: id=[5] type=[2] from <0.30.0>\n" 
2015/5/5 19:38:25 --> "<0.30.0>: recieved uknown message\n" 
2015/5/5 19:38:25 --> "<0.31.0>: try send MSG: id=[6] type=[0] from <0.30.0>\n" 
2015/5/5 19:38:25 --> "<0.30.0>: recieved [do_a_flip] 6 from <0.31.0>\n" 
2015/5/5 19:38:25 --> "<0.31.0>: try send MSG: id=[7] type=[1] from <0.30.0>\n" 
2015/5/5 19:38:25 --> "<0.30.0>: recieved [fish] 7 from <0.31.0>\n" 
2015/5/5 19:38:25 --> "<0.31.0>: try send MSG: id=[8] type=[2] from <0.30.0>\n" 
2015/5/5 19:38:25 --> "<0.30.0>: recieved uknown message\n" 
2015/5/5 19:38:25 --> "<0.31.0>: try send MSG: id=[9] type=[0] from <0.30.0>\n" 
2015/5/5 19:38:25 --> "<0.30.0>: recieved [do_a_flip] 9 from <0.31.0>\n" 
2015/5/5 19:38:25 --> "<0.31.0>: try send MSG: id=[10] type=[1] from <0.30.0>\n" 
2015/5/5 19:38:25 --> "<0.30.0>: recieved [fish] 10 from <0.31.0>\n" 
2015/5/5 19:38:25 --> "<0.31.0>: try send MSG: id=[11] type=[2] from <0.30.0>\n" 
2015/5/5 19:38:25 --> "<0.30.0>: recieved uknown message\n" 
2015/5/5 19:38:25 --> "<0.31.0>: try send MSG: id=[12] type=[0] from <0.30.0>\n" 
2015/5/5 19:38:25 --> "<0.30.0>: recieved [do_a_flip] 12 from <0.31.0>\n" 
2015/5/5 19:38:25 --> "<0.31.0>: try send MSG: id=[13] type=[1] from <0.30.0>\n" 
2015/5/5 19:38:25 --> "<0.30.0>: recieved [fish] 13 from <0.31.0>\n" 
2015/5/5 19:38:25 --> "<0.31.0>: try send MSG: id=[14] type=[2] from <0.30.0>\n" 
2015/5/5 19:38:25 --> "<0.30.0>: recieved uknown message\n" 
2015/5/5 19:38:25 --> "<0.31.0>: try send MSG: id=[15] type=[0] from <0.30.0>\n" 
2015/5/5 19:38:25 --> "<0.31.0>: Counter exeed" 
